[INFO] Scanning for projects...
[INFO] 
[INFO] -----------------< com.project.mhotel:HotelManagement >-----------------
[INFO] Building HotelManagement 0.0.1-SNAPSHOT
[INFO]   from pom.xml
[INFO] --------------------------------[ war ]---------------------------------
[INFO] 
[INFO] --- clean:3.4.1:clean (default-clean) @ HotelManagement ---
[INFO] Deleting E:\HSF\hoteltest\Hotel-monolithic\backend\HotelManagement\target
[INFO] 
[INFO] --- cyclonedx:2.9.1:makeAggregateBom (default) @ HotelManagement ---
[INFO] CycloneDX: Resolving Dependencies
[INFO] CycloneDX: Creating BOM version 1.6 with 78 component(s)
[INFO] CycloneDX: Writing and validating BOM (JSON): E:\HSF\hoteltest\Hotel-monolithic\backend\HotelManagement\target\classes\META-INF\sbom\application.cdx.json
[WARNING] Unknown keyword meta:enum - you should define your own Meta Schema. If the keyword is irrelevant for validation, just use a NonValidationKeyword or if it should generate annotations AnnotationKeyword
[WARNING] Unknown keyword deprecated - you should define your own Meta Schema. If the keyword is irrelevant for validation, just use a NonValidationKeyword or if it should generate annotations AnnotationKeyword
[INFO]            attaching as HotelManagement-0.0.1-SNAPSHOT-cyclonedx.json
[INFO] 
[INFO] --- resources:3.3.1:resources (default-resources) @ HotelManagement ---
[INFO] Copying 1 resource from src\main\resources to target\classes
[INFO] Copying 0 resource from src\main\resources to target\classes
[INFO] 
[INFO] --- compiler:3.14.0:compile (default-compile) @ HotelManagement ---
[INFO] Recompiling the module because of changed source code.
[INFO] Compiling 107 source files with javac [debug parameters release 17] to target\classes
[INFO] -------------------------------------------------------------
[ERROR] COMPILATION ERROR : 
[INFO] -------------------------------------------------------------
[ERROR] /E:/HSF/hoteltest/Hotel-monolithic/backend/HotelManagement/src/main/java/com/project/mhotel/controller/AuthController.java:[39,22] ';' expected
[INFO] 1 error
[INFO] -------------------------------------------------------------
[INFO] ------------------------------------------------------------------------
[INFO] BUILD FAILURE
[INFO] ------------------------------------------------------------------------
[INFO] Total time:  6.253 s
[INFO] Finished at: 2026-03-26T11:23:27+07:00
[INFO] ------------------------------------------------------------------------
[ERROR] Failed to execute goal org.apache.maven.plugins:maven-compiler-plugin:3.14.0:compile (default-compile) on project HotelManagement: Compilation failure
[ERROR] /E:/HSF/hoteltest/Hotel-monolithic/backend/HotelManagement/src/main/java/com/project/mhotel/controller/AuthController.java:[39,22] ';' expected
[ERROR] 
[ERROR] -> [Help 1]
[ERROR] 
[ERROR] To see the full stack trace of the errors, re-run Maven with the -e switch.
[ERROR] Re-run Maven using the -X switch to enable full debug logging.
[ERROR] 
[ERROR] For more information about the errors and possible solutions, please read the following articles:
[ERROR] [Help 1] http://cwiki.apache.org/confluence/display/MAVEN/MojoFailureException
